<?xml version="1.0" encoding="UTF-8"?>
<!-- Generated by org.testng.reporters.JUnitXMLReporter -->
<testsuite ignored="0" hostname="DESKTOP-ADUL7BM" failures="0" tests="3" name="Default test" time="68.309" errors="0" timestamp="20 Aug 2024 12:39:56 GMT">
  <testcase classname="com.comcast.crm.orgtest.CreateOrganizationTest2usingBaseClass" name="CreateOrganizationTestBaseClass" time="14.512"/>
  <testcase classname="com.comcast.crm.orgtest.CreateOrganizationTest2usingBaseClass" name="createOrganizationWithIndustryTest" time="15.9"/>
  <testcase classname="com.comcast.crm.orgtest.CreateOrganizationTest2usingBaseClass" name="createOrganizationWithPhoneNumber" time="14.4"/>
</testsuite> <!-- Default test -->
