<?xml version="1.0" encoding="UTF-8"?>
<!-- Generated by org.testng.reporters.JUnitXMLReporter -->
<testsuite ignored="2" hostname="DESKTOP-ADUL7BM" failures="0" tests="6" name="TestRunner-Edge" time="235.264" errors="0" timestamp="08 Aug 2024 11:02:40 GMT">
  <testcase classname="com.comcast.crm.orgtest.CreateOrganizationTest2usingBaseClass" name="CreateOrganizationTestBaseClass" time="31.256"/>
  <testcase classname="com.comcast.crm.orgtest.CreateOrganizationTest2usingBaseClass" name="createOrganizationWithIndustryTest" time="20.897"/>
  <testcase classname="com.comcast.crm.orgtest.CreateOrganizationTest2usingBaseClass" name="createOrganizationWithPhoneNumber" time="20.757"/>
  <testcase classname="com.comcast.crm.contacttest.CreateContactTest2usingBaseClass" name="CreateContactTestusingBaseClass" time="27.978"/>
  <testcase classname="com.comcast.crm.contacttest.CreateContactTest2usingBaseClass" name="createContactWithOrgTest" time="40.523"/>
  <testcase classname="com.comcast.crm.contacttest.CreateContactTest2usingBaseClass" name="createContactWithSupportDate" time="22.08"/>
  <testcase classname="com.comcast.crm.baseTest.BaseClass" name="@AfterSuite configAS" time="0.0">
    <ignored/>
  </testcase> <!-- @AfterSuite configAS -->
  <testcase classname="com.comcast.crm.baseTest.BaseClass" name="@BeforeSuite configBS" time="0.0">
    <ignored/>
  </testcase> <!-- @BeforeSuite configBS -->
</testsuite> <!-- TestRunner-Edge -->
