<?xml version="1.0" encoding="UTF-8"?>
<!-- Generated by org.testng.reporters.JUnitXMLReporter -->
<testsuite ignored="2" hostname="DESKTOP-ADUL7BM" failures="0" tests="1" name="Test" time="31.383" errors="0" timestamp="16 Aug 2024 13:23:16 GMT">
  <testcase classname="com.comcast.crm.orgtest.CreateOrganizationTest2usingBaseClass" name="CreateOrganizationTestBaseClass" time="16.577"/>
  <testcase classname="com.comcast.crm.orgtest.CreateOrganizationTest2usingBaseClass" name="createOrganizationWithPhoneNumber" time="0.0">
    <ignored/>
  </testcase> <!-- createOrganizationWithPhoneNumber -->
  <testcase classname="com.comcast.crm.orgtest.CreateOrganizationTest2usingBaseClass" name="createOrganizationWithIndustryTest" time="0.0">
    <ignored/>
  </testcase> <!-- createOrganizationWithIndustryTest -->
</testsuite> <!-- Test -->
