<?xml version="1.0" encoding="UTF-8"?>
<!-- Generated by org.testng.reporters.JUnitXMLReporter -->
<testsuite ignored="1" hostname="DESKTOP-ADUL7BM" failures="1" tests="1" name="Default test(failed)(failed)" time="15.653" errors="0" timestamp="12 Aug 2024 11:53:50 GMT">
  <testcase classname="Practice.Test.InvoiceTest2" name="createInvoiceTest" time="0.028">
    <failure type="java.lang.AssertionError" message="expected [Login] but found [Administrator - Home - vtiger CRM 5 - Commercial Open Source CRM]">
      <![CDATA[java.lang.AssertionError: expected [Login] but found [Administrator - Home - vtiger CRM 5 - Commercial Open Source CRM]
at Practice.Test.InvoiceTest2.createInvoiceTest(InvoiceTest2.java:18)
... Removed 31 stack frames]]>
    </failure>
  </testcase> <!-- createInvoiceTest -->
  <testcase classname="Practice.Test.InvoiceTest2" name="createInvoicewithConatctTest" time="0.0">
    <ignored/>
  </testcase> <!-- createInvoicewithConatctTest -->
</testsuite> <!-- Default test(failed)(failed) -->
