<?xml version="1.0" encoding="UTF-8"?>
<testng-results ignored="2" total="6" passed="3" failed="1" skipped="0">
  <reporter-output>
  </reporter-output>
  <suite started-at="2024-09-16T17:03:21 IST" name="Suite" finished-at="2024-09-16T17:08:27 IST" duration-ms="306042">
    <groups>
    </groups>
    <test started-at="2024-09-16T17:03:21 IST" name="Test" finished-at="2024-09-16T17:08:27 IST" duration-ms="306042">
      <class name="tp.crm.productTest.CreateProductTest">
        <test-method is-config="true" signature="configureBS()[pri:0, instance:tp.crm.productTest.CreateProductTest@5b218417]" started-at="2024-09-16T17:03:21 IST" name="configureBS" finished-at="2024-09-16T17:03:21 IST" duration-ms="113" status="PASS">
          <reporter-output>
          </reporter-output>
        </test-method> <!-- configureBS -->
        <test-method is-config="true" signature="configureBeforeClass()[pri:0, instance:tp.crm.productTest.CreateProductTest@5b218417]" started-at="2024-09-16T17:03:21 IST" name="configureBeforeClass" finished-at="2024-09-16T17:03:32 IST" duration-ms="11397" status="PASS">
          <reporter-output>
          </reporter-output>
        </test-method> <!-- configureBeforeClass -->
        <test-method is-config="true" signature="configureBeforeMethod()[pri:0, instance:tp.crm.productTest.CreateProductTest@5b218417]" started-at="2024-09-16T17:03:32 IST" name="configureBeforeMethod" finished-at="2024-09-16T17:03:57 IST" duration-ms="24560" status="PASS">
          <reporter-output>
          </reporter-output>
        </test-method> <!-- configureBeforeMethod -->
        <test-method signature="createProduct()[pri:0, instance:tp.crm.productTest.CreateProductTest@5b218417]" started-at="2024-09-16T17:03:57 IST" name="createProduct" finished-at="2024-09-16T17:04:54 IST" duration-ms="57214" status="PASS">
          <reporter-output>
          </reporter-output>
        </test-method> <!-- createProduct -->
        <test-method is-config="true" signature="configureAF()[pri:0, instance:tp.crm.productTest.CreateProductTest@5b218417]" started-at="2024-09-16T17:04:54 IST" name="configureAF" finished-at="2024-09-16T17:04:59 IST" duration-ms="5049" status="PASS">
          <reporter-output>
          </reporter-output>
        </test-method> <!-- configureAF -->
        <test-method is-config="true" signature="configureBeforeMethod()[pri:0, instance:tp.crm.productTest.CreateProductTest@5b218417]" started-at="2024-09-16T17:04:59 IST" name="configureBeforeMethod" finished-at="2024-09-16T17:05:12 IST" duration-ms="12380" status="PASS">
          <reporter-output>
          </reporter-output>
        </test-method> <!-- configureBeforeMethod -->
        <test-method signature="createProductWithVendors()[pri:0, instance:tp.crm.productTest.CreateProductTest@5b218417]" started-at="2024-09-16T17:05:12 IST" name="createProductWithVendors" finished-at="2024-09-16T17:06:32 IST" duration-ms="79831" status="PASS">
          <reporter-output>
          </reporter-output>
        </test-method> <!-- createProductWithVendors -->
        <test-method is-config="true" signature="configureAF()[pri:0, instance:tp.crm.productTest.CreateProductTest@5b218417]" started-at="2024-09-16T17:06:32 IST" name="configureAF" finished-at="2024-09-16T17:06:37 IST" duration-ms="5303" status="PASS">
          <reporter-output>
          </reporter-output>
        </test-method> <!-- configureAF -->
        <test-method is-config="true" signature="configureBeforeMethod()[pri:0, instance:tp.crm.productTest.CreateProductTest@5b218417]" started-at="2024-09-16T17:06:37 IST" name="configureBeforeMethod" finished-at="2024-09-16T17:06:48 IST" duration-ms="10668" status="PASS">
          <reporter-output>
          </reporter-output>
        </test-method> <!-- configureBeforeMethod -->
        <test-method signature="createProductwithPartNumberAndDates()[pri:0, instance:tp.crm.productTest.CreateProductTest@5b218417]" started-at="2024-09-16T17:06:48 IST" name="createProductwithPartNumberAndDates" finished-at="2024-09-16T17:07:22 IST" duration-ms="34732" status="PASS">
          <reporter-output>
          </reporter-output>
        </test-method> <!-- createProductwithPartNumberAndDates -->
        <test-method is-config="true" signature="configureAF()[pri:0, instance:tp.crm.productTest.CreateProductTest@5b218417]" started-at="2024-09-16T17:07:22 IST" name="configureAF" finished-at="2024-09-16T17:07:27 IST" duration-ms="4258" status="PASS">
          <reporter-output>
          </reporter-output>
        </test-method> <!-- configureAF -->
        <test-method is-config="true" signature="configureAC()[pri:0, instance:tp.crm.productTest.CreateProductTest@5b218417]" started-at="2024-09-16T17:07:27 IST" name="configureAC" finished-at="2024-09-16T17:07:27 IST" duration-ms="786" status="PASS">
          <reporter-output>
          </reporter-output>
        </test-method> <!-- configureAC -->
        <test-method is-config="true" signature="configureAS()[pri:0, instance:tp.crm.productTest.CreateProductTest@5b218417]" started-at="2024-09-16T17:08:27 IST" name="configureAS" finished-at="2024-09-16T17:08:27 IST" duration-ms="1" status="PASS">
          <reporter-output>
          </reporter-output>
        </test-method> <!-- configureAS -->
      </class> <!-- tp.crm.productTest.CreateProductTest -->
      <class name="tp.crm.vendorsTest.CreateVendorsTest">
        <test-method is-config="true" signature="configureBeforeClass()[pri:0, instance:tp.crm.vendorsTest.CreateVendorsTest@5032714f]" started-at="2024-09-16T17:07:27 IST" name="configureBeforeClass" finished-at="2024-09-16T17:07:33 IST" duration-ms="5305" status="PASS">
          <reporter-output>
          </reporter-output>
        </test-method> <!-- configureBeforeClass -->
        <test-method is-config="true" signature="configureBeforeMethod()[pri:0, instance:tp.crm.vendorsTest.CreateVendorsTest@5032714f]" started-at="2024-09-16T17:07:33 IST" name="configureBeforeMethod" finished-at="2024-09-16T17:07:48 IST" duration-ms="14946" status="PASS">
          <reporter-output>
          </reporter-output>
        </test-method> <!-- configureBeforeMethod -->
        <test-method signature="createVendors()[pri:0, instance:tp.crm.vendorsTest.CreateVendorsTest@5032714f]" started-at="2024-09-16T17:07:48 IST" name="createVendors" finished-at="2024-09-16T17:08:10 IST" duration-ms="22313" status="FAIL">
          <exception class="org.openqa.selenium.NoSuchElementException">
            <message>
              <![CDATA[no such element: Unable to locate element: {"method":"xpath","selector":"//img[@title="Create Vendor..."]"}
  (Session info: chrome=128.0.6613.138)
For documentation on this error, please visit: https://www.selenium.dev/documentation/webdriver/troubleshooting/errors#no-such-element-exception
Build info: version: '4.24.0', revision: '748ffc9bc3'
System info: os.name: 'Windows 10', os.arch: 'amd64', os.version: '10.0', java.version: '11.0.21'
Driver info: org.openqa.selenium.chrome.ChromeDriver
Command: [388969b1f10d4999381661097bc8fc6e, findElement {value=//img[@title="Create Vendor..."], using=xpath}]
Capabilities {acceptInsecureCerts: false, browserName: chrome, browserVersion: 128.0.6613.138, chrome: {chromedriverVersion: 128.0.6613.137 (fe621c5aa2d..., userDataDir: C:\Users\LENOVO\AppData\Loc...}, fedcm:accounts: true, goog:chromeOptions: {debuggerAddress: localhost:52124}, networkConnectionEnabled: false, pageLoadStrategy: normal, platformName: windows, proxy: Proxy(), se:cdp: ws://localhost:52124/devtoo..., se:cdpVersion: 128.0.6613.138, setWindowRect: true, strictFileInteractability: false, timeouts: {implicit: 0, pageLoad: 300000, script: 30000}, unhandledPromptBehavior: dismiss and notify, webauthn:extension:credBlob: true, webauthn:extension:largeBlob: true, webauthn:extension:minPinLength: true, webauthn:extension:prf: true, webauthn:virtualAuthenticators: true}
Session ID: 388969b1f10d4999381661097bc8fc6e]]>
            </message>
            <full-stacktrace>
              <![CDATA[org.openqa.selenium.NoSuchElementException: no such element: Unable to locate element: {"method":"xpath","selector":"//img[@title="Create Vendor..."]"}
  (Session info: chrome=128.0.6613.138)
For documentation on this error, please visit: https://www.selenium.dev/documentation/webdriver/troubleshooting/errors#no-such-element-exception
Build info: version: '4.24.0', revision: '748ffc9bc3'
System info: os.name: 'Windows 10', os.arch: 'amd64', os.version: '10.0', java.version: '11.0.21'
Driver info: org.openqa.selenium.chrome.ChromeDriver
Command: [388969b1f10d4999381661097bc8fc6e, findElement {value=//img[@title="Create Vendor..."], using=xpath}]
Capabilities {acceptInsecureCerts: false, browserName: chrome, browserVersion: 128.0.6613.138, chrome: {chromedriverVersion: 128.0.6613.137 (fe621c5aa2d..., userDataDir: C:\Users\LENOVO\AppData\Loc...}, fedcm:accounts: true, goog:chromeOptions: {debuggerAddress: localhost:52124}, networkConnectionEnabled: false, pageLoadStrategy: normal, platformName: windows, proxy: Proxy(), se:cdp: ws://localhost:52124/devtoo..., se:cdpVersion: 128.0.6613.138, setWindowRect: true, strictFileInteractability: false, timeouts: {implicit: 0, pageLoad: 300000, script: 30000}, unhandledPromptBehavior: dismiss and notify, webauthn:extension:credBlob: true, webauthn:extension:largeBlob: true, webauthn:extension:minPinLength: true, webauthn:extension:prf: true, webauthn:virtualAuthenticators: true}
Session ID: 388969b1f10d4999381661097bc8fc6e
at java.base/jdk.internal.reflect.NativeConstructorAccessorImpl.newInstance0(Native Method)
at java.base/jdk.internal.reflect.NativeConstructorAccessorImpl.newInstance(NativeConstructorAccessorImpl.java:62)
at java.base/jdk.internal.reflect.DelegatingConstructorAccessorImpl.newInstance(DelegatingConstructorAccessorImpl.java:45)
at java.base/java.lang.reflect.Constructor.newInstance(Constructor.java:490)
at org.openqa.selenium.remote.ErrorCodec.decode(ErrorCodec.java:167)
at org.openqa.selenium.remote.codec.w3c.W3CHttpResponseCodec.decode(W3CHttpResponseCodec.java:138)
at org.openqa.selenium.remote.codec.w3c.W3CHttpResponseCodec.decode(W3CHttpResponseCodec.java:50)
at org.openqa.selenium.remote.HttpCommandExecutor.execute(HttpCommandExecutor.java:190)
at org.openqa.selenium.remote.service.DriverCommandExecutor.invokeExecute(DriverCommandExecutor.java:216)
at org.openqa.selenium.remote.service.DriverCommandExecutor.execute(DriverCommandExecutor.java:174)
at org.openqa.selenium.remote.RemoteWebDriver.execute(RemoteWebDriver.java:545)
at org.openqa.selenium.remote.ElementLocation$ElementFinder$2.findElement(ElementLocation.java:165)
at org.openqa.selenium.remote.ElementLocation.findElement(ElementLocation.java:59)
at org.openqa.selenium.remote.RemoteWebDriver.findElement(RemoteWebDriver.java:368)
at org.openqa.selenium.remote.RemoteWebDriver.findElement(RemoteWebDriver.java:362)
at org.openqa.selenium.support.pagefactory.DefaultElementLocator.findElement(DefaultElementLocator.java:68)
at org.openqa.selenium.support.pagefactory.internal.LocatingElementHandler.invoke(LocatingElementHandler.java:38)
at com.sun.proxy.$Proxy16.click(Unknown Source)
at tp.crm.vendorsTest.CreateVendorsTest.createVendors(CreateVendorsTest.java:26)
at java.base/jdk.internal.reflect.NativeMethodAccessorImpl.invoke0(Native Method)
at java.base/jdk.internal.reflect.NativeMethodAccessorImpl.invoke(NativeMethodAccessorImpl.java:62)
at java.base/jdk.internal.reflect.DelegatingMethodAccessorImpl.invoke(DelegatingMethodAccessorImpl.java:43)
at java.base/java.lang.reflect.Method.invoke(Method.java:566)
at org.testng.internal.invokers.MethodInvocationHelper.invokeMethod(MethodInvocationHelper.java:139)
at org.testng.internal.invokers.TestInvoker.invokeMethod(TestInvoker.java:677)
at org.testng.internal.invokers.TestInvoker.invokeTestMethod(TestInvoker.java:221)
at org.testng.internal.invokers.MethodRunner.runInSequence(MethodRunner.java:50)
at org.testng.internal.invokers.TestInvoker$MethodInvocationAgent.invoke(TestInvoker.java:969)
at org.testng.internal.invokers.TestInvoker.invokeTestMethods(TestInvoker.java:194)
at org.testng.internal.invokers.TestMethodWorker.invokeTestMethods(TestMethodWorker.java:148)
at org.testng.internal.invokers.TestMethodWorker.run(TestMethodWorker.java:128)
at java.base/java.util.ArrayList.forEach(ArrayList.java:1541)
at org.testng.TestRunner.privateRun(TestRunner.java:829)
at org.testng.TestRunner.run(TestRunner.java:602)
at org.testng.SuiteRunner.runTest(SuiteRunner.java:437)
at org.testng.SuiteRunner.runSequentially(SuiteRunner.java:431)
at org.testng.SuiteRunner.privateRun(SuiteRunner.java:391)
at org.testng.SuiteRunner.run(SuiteRunner.java:330)
at org.testng.SuiteRunnerWorker.runSuite(SuiteRunnerWorker.java:52)
at org.testng.SuiteRunnerWorker.run(SuiteRunnerWorker.java:95)
at org.testng.TestNG.runSuitesSequentially(TestNG.java:1256)
at org.testng.TestNG.runSuitesLocally(TestNG.java:1176)
at org.testng.TestNG.runSuites(TestNG.java:1099)
at org.testng.TestNG.run(TestNG.java:1067)
at org.testng.remote.AbstractRemoteTestNG.run(AbstractRemoteTestNG.java:115)
at org.testng.remote.RemoteTestNG.initAndRun(RemoteTestNG.java:293)
at org.testng.remote.RemoteTestNG.main(RemoteTestNG.java:91)
]]>
            </full-stacktrace>
          </exception> <!-- org.openqa.selenium.NoSuchElementException -->
          <reporter-output>
          </reporter-output>
        </test-method> <!-- createVendors -->
        <test-method is-config="true" signature="configureAF()[pri:0, instance:tp.crm.vendorsTest.CreateVendorsTest@5032714f]" started-at="2024-09-16T17:08:10 IST" name="configureAF" finished-at="2024-09-16T17:08:25 IST" duration-ms="14948" status="PASS">
          <reporter-output>
          </reporter-output>
        </test-method> <!-- configureAF -->
        <test-method is-config="true" signature="configureAC()[pri:0, instance:tp.crm.vendorsTest.CreateVendorsTest@5032714f]" started-at="2024-09-16T17:08:25 IST" name="configureAC" finished-at="2024-09-16T17:08:27 IST" duration-ms="2062" status="PASS">
          <reporter-output>
          </reporter-output>
        </test-method> <!-- configureAC -->
      </class> <!-- tp.crm.vendorsTest.CreateVendorsTest -->
    </test> <!-- Test -->
  </suite> <!-- Suite -->
</testng-results>
