<?xml version="1.0" encoding="UTF-8"?>
<testng-results ignored="0" total="3" passed="3" failed="0" skipped="0">
  <reporter-output>
  </reporter-output>
  <suite started-at="2024-08-20T12:38:48Z" name="Default suite" finished-at="2024-08-20T12:39:56Z" duration-ms="68309">
    <groups>
      <group name="RegressionTest">
        <method signature="CreateOrganizationTest2usingBaseClass.createOrganizationWithIndustryTest()[pri:0, instance:com.comcast.crm.orgtest.CreateOrganizationTest2usingBaseClass@5f354bcf]" name="createOrganizationWithIndustryTest" class="com.comcast.crm.orgtest.CreateOrganizationTest2usingBaseClass"/>
        <method signature="CreateOrganizationTest2usingBaseClass.createOrganizationWithPhoneNumber()[pri:0, instance:com.comcast.crm.orgtest.CreateOrganizationTest2usingBaseClass@5f354bcf]" name="createOrganizationWithPhoneNumber" class="com.comcast.crm.orgtest.CreateOrganizationTest2usingBaseClass"/>
      </group> <!-- RegressionTest -->
      <group name="smokeTest">
        <method signature="CreateOrganizationTest2usingBaseClass.CreateOrganizationTestBaseClass()[pri:0, instance:com.comcast.crm.orgtest.CreateOrganizationTest2usingBaseClass@5f354bcf]" name="CreateOrganizationTestBaseClass" class="com.comcast.crm.orgtest.CreateOrganizationTest2usingBaseClass"/>
      </group> <!-- smokeTest -->
    </groups>
    <test started-at="2024-08-20T12:38:48Z" name="Default test" finished-at="2024-08-20T12:39:56Z" duration-ms="68309">
      <class name="com.comcast.crm.orgtest.CreateOrganizationTest2usingBaseClass">
        <test-method is-config="true" signature="configBS()[pri:0, instance:com.comcast.crm.orgtest.CreateOrganizationTest2usingBaseClass@5f354bcf]" started-at="2024-08-20T12:38:47Z" name="configBS" finished-at="2024-08-20T12:38:48Z" duration-ms="516" status="PASS">
          <reporter-output>
          </reporter-output>
        </test-method> <!-- configBS -->
        <test-method is-config="true" signature="configBeforeClass()[pri:0, instance:com.comcast.crm.orgtest.CreateOrganizationTest2usingBaseClass@5f354bcf]" started-at="2024-08-20T12:38:48Z" name="configBeforeClass" finished-at="2024-08-20T12:38:52Z" duration-ms="4292" status="PASS">
          <reporter-output>
          </reporter-output>
        </test-method> <!-- configBeforeClass -->
        <test-method is-config="true" signature="configBM()[pri:0, instance:com.comcast.crm.orgtest.CreateOrganizationTest2usingBaseClass@5f354bcf]" started-at="2024-08-20T12:38:52Z" name="configBM" finished-at="2024-08-20T12:38:57Z" duration-ms="5029" status="PASS">
          <reporter-output>
          </reporter-output>
        </test-method> <!-- configBM -->
        <test-method signature="CreateOrganizationTestBaseClass()[pri:0, instance:com.comcast.crm.orgtest.CreateOrganizationTest2usingBaseClass@5f354bcf]" started-at="2024-08-20T12:38:57Z" name="CreateOrganizationTestBaseClass" finished-at="2024-08-20T12:39:11Z" duration-ms="14512" status="PASS">
          <reporter-output>
          </reporter-output>
        </test-method> <!-- CreateOrganizationTestBaseClass -->
        <test-method is-config="true" signature="configAM()[pri:0, instance:com.comcast.crm.orgtest.CreateOrganizationTest2usingBaseClass@5f354bcf]" started-at="2024-08-20T12:39:11Z" name="configAM" finished-at="2024-08-20T12:39:13Z" duration-ms="1602" status="PASS">
          <reporter-output>
          </reporter-output>
        </test-method> <!-- configAM -->
        <test-method is-config="true" signature="configBM()[pri:0, instance:com.comcast.crm.orgtest.CreateOrganizationTest2usingBaseClass@5f354bcf]" started-at="2024-08-20T12:39:13Z" name="configBM" finished-at="2024-08-20T12:39:16Z" duration-ms="3423" status="PASS">
          <reporter-output>
          </reporter-output>
        </test-method> <!-- configBM -->
        <test-method signature="createOrganizationWithIndustryTest()[pri:0, instance:com.comcast.crm.orgtest.CreateOrganizationTest2usingBaseClass@5f354bcf]" started-at="2024-08-20T12:39:16Z" name="createOrganizationWithIndustryTest" finished-at="2024-08-20T12:39:32Z" duration-ms="15900" status="PASS">
          <reporter-output>
          </reporter-output>
        </test-method> <!-- createOrganizationWithIndustryTest -->
        <test-method is-config="true" signature="configAM()[pri:0, instance:com.comcast.crm.orgtest.CreateOrganizationTest2usingBaseClass@5f354bcf]" started-at="2024-08-20T12:39:32Z" name="configAM" finished-at="2024-08-20T12:39:34Z" duration-ms="2136" status="PASS">
          <reporter-output>
          </reporter-output>
        </test-method> <!-- configAM -->
        <test-method is-config="true" signature="configBM()[pri:0, instance:com.comcast.crm.orgtest.CreateOrganizationTest2usingBaseClass@5f354bcf]" started-at="2024-08-20T12:39:35Z" name="configBM" finished-at="2024-08-20T12:39:39Z" duration-ms="4791" status="PASS">
          <reporter-output>
          </reporter-output>
        </test-method> <!-- configBM -->
        <test-method signature="createOrganizationWithPhoneNumber()[pri:0, instance:com.comcast.crm.orgtest.CreateOrganizationTest2usingBaseClass@5f354bcf]" started-at="2024-08-20T12:39:39Z" name="createOrganizationWithPhoneNumber" finished-at="2024-08-20T12:39:54Z" duration-ms="14400" status="PASS">
          <reporter-output>
          </reporter-output>
        </test-method> <!-- createOrganizationWithPhoneNumber -->
        <test-method is-config="true" signature="configAM()[pri:0, instance:com.comcast.crm.orgtest.CreateOrganizationTest2usingBaseClass@5f354bcf]" started-at="2024-08-20T12:39:54Z" name="configAM" finished-at="2024-08-20T12:39:55Z" duration-ms="1731" status="PASS">
          <reporter-output>
          </reporter-output>
        </test-method> <!-- configAM -->
        <test-method is-config="true" signature="configAC()[pri:0, instance:com.comcast.crm.orgtest.CreateOrganizationTest2usingBaseClass@5f354bcf]" started-at="2024-08-20T12:39:55Z" name="configAC" finished-at="2024-08-20T12:39:56Z" duration-ms="443" status="PASS">
          <reporter-output>
          </reporter-output>
        </test-method> <!-- configAC -->
        <test-method is-config="true" signature="configAS()[pri:0, instance:com.comcast.crm.orgtest.CreateOrganizationTest2usingBaseClass@5f354bcf]" started-at="2024-08-20T12:39:56Z" name="configAS" finished-at="2024-08-20T12:39:56Z" duration-ms="18" status="PASS">
          <reporter-output>
          </reporter-output>
        </test-method> <!-- configAS -->
      </class> <!-- com.comcast.crm.orgtest.CreateOrganizationTest2usingBaseClass -->
    </test> <!-- Default test -->
  </suite> <!-- Default suite -->
</testng-results>
